This is e-TeX, Version 3.141592-2.1 (MiKTeX 2.4) (preloaded format=latex 2004.3.15)  4 NOV 2004 16:07
entering extended mode
**EN_SPSM_Serial_Partition_NSet_Method_Final.tex
(EN_SPSM_Serial_Partition_NSet_Method_Final.tex
LaTeX2e <2001/06/01>
Babel <v3.7m> and hyphenation patterns for english, french, german, ngerman, du
mylang, nohyphenation, loaded.
(C:\Arquivos de programas\texmf\tex\latex\amscls\amsart.cls
Document Class: amsart 2000/10/26 v2.08
\linespacing=\dimen102
\normalparindent=\dimen103
\normaltopskip=\skip41
(C:\Arquivos de programas\texmf\tex\latex\amsmath\amsmath.sty
Package: amsmath 2000/07/18 v2.13 AMS math features
\@mathmargin=\skip42

For additional information on amsmath, use the `?' option.
(C:\Arquivos de programas\texmf\tex\latex\amsmath\amstext.sty
Package: amstext 2000/06/29 v2.01

(C:\Arquivos de programas\texmf\tex\latex\amsmath\amsgen.sty
File: amsgen.sty 1999/11/30 v2.0
\@emptytoks=\toks14
\ex@=\dimen104
))
(C:\Arquivos de programas\texmf\tex\latex\amsmath\amsbsy.sty
Package: amsbsy 1999/11/29 v1.2d
\pmbraise@=\dimen105
)
(C:\Arquivos de programas\texmf\tex\latex\amsmath\amsopn.sty
Package: amsopn 1999/12/14 v2.01 operator names
)
\inf@bad=\count79
LaTeX Info: Redefining \frac on input line 211.
\uproot@=\count80
\leftroot@=\count81
LaTeX Info: Redefining \overline on input line 307.
\classnum@=\count82
\DOTSCASE@=\count83
LaTeX Info: Redefining \ldots on input line 379.
LaTeX Info: Redefining \dots on input line 382.
LaTeX Info: Redefining \cdots on input line 467.
\Mathstrutbox@=\box26
\strutbox@=\box27
\big@size=\dimen106
LaTeX Font Info:    Redeclaring font encoding OML on input line 567.
LaTeX Font Info:    Redeclaring font encoding OMS on input line 568.
\macc@depth=\count84
\c@MaxMatrixCols=\count85
\dotsspace@=\muskip10
\c@parentequation=\count86
\dspbrk@lvl=\count87
\tag@help=\toks15
\row@=\count88
\column@=\count89
\maxfields@=\count90
\andhelp@=\toks16
\eqnshift@=\dimen107
\alignsep@=\dimen108
\tagshift@=\dimen109
\tagwidth@=\dimen110
\totwidth@=\dimen111
\lineht@=\dimen112
\@envbody=\toks17
\multlinegap=\skip43
\multlinetaggap=\skip44
\mathdisplay@stack=\toks18
LaTeX Info: Redefining \[ on input line 2666.
LaTeX Info: Redefining \] on input line 2667.
)
LaTeX Font Info:    Try loading font information for U+msa on input line 395.

(C:\Arquivos de programas\texmf\tex\latex\amsfonts\umsa.fd
File: umsa.fd 2002/01/19 v2.2g AMS font definitions
)
(C:\Arquivos de programas\texmf\tex\latex\amsfonts\amsfonts.sty
Package: amsfonts 2001/10/25 v2.2f
\symAMSa=\mathgroup4
\symAMSb=\mathgroup5
LaTeX Font Info:    Overwriting math alphabet `\mathfrak' in version `bold'
(Font)                  U/euf/m/n --> U/euf/b/n on input line 132.
)
\copyins=\insert233
\abstractbox=\box28
\listisep=\skip45
\c@part=\count91
\c@section=\count92
\c@subsection=\count93
\c@subsubsection=\count94
\c@paragraph=\count95
\c@subparagraph=\count96
\c@figure=\count97
\c@table=\count98
\abovecaptionskip=\skip46
\belowcaptionskip=\skip47
\captionindent=\dimen113
\thm@style=\toks19
\thm@bodyfont=\toks20
\thm@headfont=\toks21
\thm@notefont=\toks22
\thm@headpunct=\toks23
\thm@preskip=\skip48
\thm@postskip=\skip49
\thm@headsep=\skip50
\dth@everypar=\toks24
)
(C:\Arquivos de programas\texmf\tex\latex\base\inputenc.sty
Package: inputenc 2001/07/10 v0.99a Input encoding file 

(C:\Arquivos de programas\texmf\tex\latex\base\latin1.def
File: latin1.def 2001/07/10 v0.99a Input encoding file 
))
(EN_SPSM_Serial_Partition_NSet_Method_Final.aux

LaTeX Warning: Label `eqb' multiply defined.

)
LaTeX Font Info:    Checking defaults for OML/cmm/m/it on input line 8.
LaTeX Font Info:    ... okay on input line 8.
LaTeX Font Info:    Checking defaults for T1/cmr/m/n on input line 8.
LaTeX Font Info:    ... okay on input line 8.
LaTeX Font Info:    Checking defaults for OT1/cmr/m/n on input line 8.
LaTeX Font Info:    ... okay on input line 8.
LaTeX Font Info:    Checking defaults for OMS/cmsy/m/n on input line 8.
LaTeX Font Info:    ... okay on input line 8.
LaTeX Font Info:    Checking defaults for OMX/cmex/m/n on input line 8.
LaTeX Font Info:    ... okay on input line 8.
LaTeX Font Info:    Checking defaults for U/cmr/m/n on input line 8.
LaTeX Font Info:    ... okay on input line 8.
LaTeX Font Info:    Try loading font information for U+msa on input line 8.
 (C:\Arquivos de programas\texmf\tex\latex\amsfonts\umsa.fd
File: umsa.fd 2002/01/19 v2.2g AMS font definitions
)
LaTeX Font Info:    Try loading font information for U+msb on input line 8.

(C:\Arquivos de programas\texmf\tex\latex\amsfonts\umsb.fd
File: umsb.fd 2002/01/19 v2.2g AMS font definitions
) [1]
Underfull \hbox (badness 10000) in paragraph at lines 129--133

 []


Underfull \hbox (badness 10000) in paragraph at lines 157--174

 []

[2]
Underfull \hbox (badness 10000) in paragraph at lines 194--212

 []


Underfull \hbox (badness 10000) in paragraph at lines 216--232

 []

[3]
Underfull \hbox (badness 10000) in paragraph at lines 285--302

 []

[4] [5] (EN_SPSM_Serial_Partition_NSet_Method_Final.aux)

LaTeX Warning: There were multiply-defined labels.

 ) 
Here is how much of TeX's memory you used:
 1403 strings out of 95933
 15135 string characters out of 1195036
 66287 words of memory out of 1065743
 4231 multiletter control sequences out of 35000
 10224 words of font info for 40 fonts, out of 500000 for 1000
 176 hyphenation exceptions out of 607
 34i,7n,32p,334b,206s stack positions out of 1500i,500n,5000p,200000b,32768s

Output written on EN_SPSM_Serial_Partition_NSet_Method_Final.dvi (5 pages, 1764
8 bytes).
